{"uid":"2ac6a382ed6bbe48","name":"userShouldBeAbleCreateNewProjectWithManualOption","fullName":"com.example.teamcity.ui.CreateNewProjectTest.userShouldBeAbleCreateNewProjectWithManualOption","historyId":"5b1ac89e796db8502447293219defdb2","time":{"start":1717258365598,"stop":1717258378812,"duration":13214},"status":"failed","statusMessage":"Element not found {[href=\"#createManually\"]}\nExpected: visible\nScreenshot: file:/home/runner/work/AutomationCourseProject/AutomationCourseProject/target/surefire-reports/1717258378679.0.png\nPage source: file:/home/runner/work/AutomationCourseProject/AutomationCourseProject/target/surefire-reports/1717258378679.0.html\nTimeout: 10 s.\nCaused by: NoSuchElementException: Unable to locate element: [href=\"#createManually\"]","statusTrace":"Element not found {[href=\"#createManually\"]}\nExpected: visible\nScreenshot: file:/home/runner/work/AutomationCourseProject/AutomationCourseProject/target/surefire-reports/1717258378679.0.png\nPage source: file:/home/runner/work/AutomationCourseProject/AutomationCourseProject/target/surefire-reports/1717258378679.0.html\nTimeout: 10 s.\nCaused by: NoSuchElementException: Unable to locate element: [href=\"#createManually\"]\n\tat com.codeborne.selenide.impl.WebElementSource.createElementNotFoundError(WebElementSource.java:91)\n\tat com.codeborne.selenide.impl.ElementFinder.createElementNotFoundError(ElementFinder.java:142)\n\tat com.codeborne.selenide.impl.WebElementSource.handleError(WebElementSource.java:143)\n\tat com.codeborne.selenide.impl.WebElementSource.checkConditionAndReturnElement(WebElementSource.java:127)\n\tat com.codeborne.selenide.impl.WebElementSource.checkCondition(WebElementSource.java:104)\n\tat com.codeborne.selenide.commands.Should.execute(Should.java:30)\n\tat com.codeborne.selenide.commands.Should.execute(Should.java:14)\n\tat com.codeborne.selenide.commands.Commands.execute(Commands.java:161)\n\tat com.codeborne.selenide.impl.SelenideElementProxy.dispatchAndRetry(SelenideElementProxy.java:132)\n\tat com.codeborne.selenide.impl.SelenideElementProxy.invoke(SelenideElementProxy.java:84)\n\tat jdk.proxy2/jdk.proxy2.$Proxy42.shouldBe(Unknown Source)\n\tat com.example.teamcity.ui.pages.admin.CreateNewEntityPage.clickOnManuallyOption(CreateNewEntityPage.java:32)\n\tat com.example.teamcity.ui.CreateNewProjectTest.userShouldBeAbleCreateNewProjectWithManualOption(CreateNewProjectTest.java:39)\n\tat java.base/jdk.internal.reflect.NativeMethodAccessorImpl.invoke0(Native Method)\n\tat java.base/jdk.internal.reflect.NativeMethodAccessorImpl.invoke(NativeMethodAccessorImpl.java:77)\n\tat java.base/jdk.internal.reflect.DelegatingMethodAccessorImpl.invoke(DelegatingMethodAccessorImpl.java:43)\n\tat java.base/java.lang.reflect.Method.invoke(Method.java:568)\n\tat org.testng.internal.invokers.MethodInvocationHelper.invokeMethod(MethodInvocationHelper.java:139)\n\tat org.testng.internal.invokers.TestInvoker.invokeMethod(TestInvoker.java:677)\n\tat org.testng.internal.invokers.TestInvoker.invokeTestMethod(TestInvoker.java:221)\n\tat org.testng.internal.invokers.MethodRunner.runInSequence(MethodRunner.java:50)\n\tat org.testng.internal.invokers.TestInvoker$MethodInvocationAgent.invoke(TestInvoker.java:969)\n\tat org.testng.internal.invokers.TestInvoker.invokeTestMethods(TestInvoker.java:194)\n\tat org.testng.internal.invokers.TestMethodWorker.invokeTestMethods(TestMethodWorker.java:148)\n\tat org.testng.internal.invokers.TestMethodWorker.run(TestMethodWorker.java:128)\n\tat java.base/java.util.ArrayList.forEach(ArrayList.java:1511)\n\tat org.testng.TestRunner.privateRun(TestRunner.java:829)\n\tat org.testng.TestRunner.run(TestRunner.java:602)\n\tat org.testng.SuiteRunner.runTest(SuiteRunner.java:437)\n\tat org.testng.SuiteRunner.runSequentially(SuiteRunner.java:431)\n\tat org.testng.SuiteRunner.privateRun(SuiteRunner.java:391)\n\tat org.testng.SuiteRunner.run(SuiteRunner.java:330)\n\tat org.testng.SuiteRunnerWorker.runSuite(SuiteRunnerWorker.java:52)\n\tat org.testng.SuiteRunnerWorker.run(SuiteRunnerWorker.java:95)\n\tat org.testng.TestNG.runSuitesSequentially(TestNG.java:1256)\n\tat org.testng.TestNG.runSuitesLocally(TestNG.java:1176)\n\tat org.testng.TestNG.runSuites(TestNG.java:1099)\n\tat org.testng.TestNG.run(TestNG.java:1067)\n\tat org.apache.maven.surefire.testng.TestNGExecutor.run(TestNGExecutor.java:283)\n\tat org.apache.maven.surefire.testng.TestNGXmlTestSuite.execute(TestNGXmlTestSuite.java:75)\n\tat org.apache.maven.surefire.testng.TestNGProvider.invoke(TestNGProvider.java:120)\n\tat org.apache.maven.surefire.booter.ForkedBooter.invokeProviderInSameClassLoader(ForkedBooter.java:384)\n\tat org.apache.maven.surefire.booter.ForkedBooter.runSuitesInProcess(ForkedBooter.java:345)\n\tat org.apache.maven.surefire.booter.ForkedBooter.execute(ForkedBooter.java:126)\n\tat org.apache.maven.surefire.booter.ForkedBooter.main(ForkedBooter.java:418)\nCaused by: org.openqa.selenium.NoSuchElementException: Unable to locate element: [href=\"#createManually\"]\nFor documentation on this error, please visit: https://www.selenium.dev/documentation/webdriver/troubleshooting/errors#no-such-element-exception\nBuild info: version: '4.13.0', revision: 'ba948ece5b*'\nSystem info: os.name: 'Linux', os.arch: 'amd64', os.version: '6.5.0-1021-azure', java.version: '17.0.11'\nDriver info: org.openqa.selenium.remote.RemoteWebDriver\nCommand: [b292adea-61cc-49cd-9d9e-ec1adbbb7050, findElement {using=css selector, value=[href=\"#createManually\"]}]\nCapabilities {acceptInsecureCerts: true, browserName: firefox, browserVersion: 89.0, moz:accessibilityChecks: false, moz:buildID: 20210527174632, moz:debuggerAddress: localhost:40447, moz:geckodriverVersion: 0.29.1, moz:headless: false, moz:processID: 86, moz:profile: /tmp/rust_mozprofilehGu74T, moz:shutdownTimeout: 60000, moz:useNonSpecCompliantPointerOrigin: false, moz:webdriverClick: true, pageLoadStrategy: normal, platformName: linux, platformVersion: 6.5.0-1021-azure, se:cdp: ws://172.17.0.1:4444/devtoo..., se:cdpVersion: 89.0, setWindowRect: true, strictFileInteractability: false, timeouts: {implicit: 0, pageLoad: 300000, script: 30000}, unhandledPromptBehavior: accept}\nSession ID: b292adea-61cc-49cd-9d9e-ec1adbbb7050\n\tat jdk.internal.reflect.GeneratedConstructorAccessor20.newInstance(Unknown Source)\n\tat java.base/jdk.internal.reflect.DelegatingConstructorAccessorImpl.newInstance(DelegatingConstructorAccessorImpl.java:45)\n\tat java.base/java.lang.reflect.Constructor.newInstanceWithCaller(Constructor.java:499)\n\tat java.base/java.lang.reflect.Constructor.newInstance(Constructor.java:480)\n\tat org.openqa.selenium.remote.codec.w3c.W3CHttpResponseCodec.createException(W3CHttpResponseCodec.java:200)\n\tat org.openqa.selenium.remote.codec.w3c.W3CHttpResponseCodec.decode(W3CHttpResponseCodec.java:133)\n\tat org.openqa.selenium.remote.codec.w3c.W3CHttpResponseCodec.decode(W3CHttpResponseCodec.java:52)\n\tat org.openqa.selenium.remote.HttpCommandExecutor.execute(HttpCommandExecutor.java:191)\n\tat org.openqa.selenium.remote.RemoteWebDriver.execute(RemoteWebDriver.java:602)\n\tat org.openqa.selenium.remote.ElementLocation$ElementFinder$2.findElement(ElementLocation.java:165)\n\tat org.openqa.selenium.remote.ElementLocation.findElement(ElementLocation.java:59)\n\tat org.openqa.selenium.remote.RemoteWebDriver.findElement(RemoteWebDriver.java:359)\n\tat org.openqa.selenium.remote.RemoteWebDriver.findElement(RemoteWebDriver.java:353)\n\tat com.codeborne.selenide.impl.WebElementSelector.findElement(WebElementSelector.java:70)\n\tat com.codeborne.selenide.impl.WebElementSelector.findElement(WebElementSelector.java:44)\n\tat com.codeborne.selenide.impl.WebElementSelector.findElement(WebElementSelector.java:33)\n\tat com.codeborne.selenide.impl.ElementFinder.getWebElement(ElementFinder.java:122)\n\tat com.codeborne.selenide.impl.WebElementSource.checkConditionAndReturnElement(WebElementSource.java:116)\n\t... 41 more\n","flaky":false,"newFailed":true,"newBroken":false,"newPassed":false,"retriesCount":0,"retriesStatusChange":false,"beforeStages":[{"name":"beforeTest","time":{"start":1717258365597,"stop":1717258365597,"duration":0},"description":"","status":"passed","steps":[],"attachments":[],"parameters":[],"shouldDisplayMessage":false,"stepsCount":0,"attachmentsCount":0,"hasContent":false}],"afterStages":[{"name":"afterTest","time":{"start":1717258378823,"stop":1717258378850,"duration":27},"description":"","status":"passed","steps":[],"attachments":[],"parameters":[],"shouldDisplayMessage":false,"stepsCount":0,"attachmentsCount":0,"hasContent":false}],"labels":[{"name":"package","value":"com.example.teamcity.ui.CreateNewProjectTest"},{"name":"testClass","value":"com.example.teamcity.ui.CreateNewProjectTest"},{"name":"testMethod","value":"userShouldBeAbleCreateNewProjectWithManualOption"},{"name":"parentSuite","value":"UI Suite"},{"name":"suite","value":"UI Test"},{"name":"subSuite","value":"com.example.teamcity.ui.CreateNewProjectTest"},{"name":"host","value":"fv-az1456-533"},{"name":"thread","value":"4498@fv-az1456-533.main(1)"},{"name":"framework","value":"testng"},{"name":"language","value":"java"},{"name":"resultFormat","value":"allure2"}],"parameters":[],"links":[],"hidden":false,"retry":false,"extra":{"severity":"normal","retries":[],"categories":[{"name":"Product defects","matchedStatuses":[],"flaky":false}],"history":{"statistic":{"failed":1,"broken":1,"skipped":0,"passed":3,"unknown":0,"total":5},"items":[{"uid":"1f98de927352d1d5","reportUrl":"https://knastya.github.io/AutomationCourseProject/46//#testresult/1f98de927352d1d5","status":"passed","time":{"start":1717254691777,"stop":1717254703206,"duration":11429}},{"uid":"1da1cbfa7ead3434","reportUrl":"https://knastya.github.io/AutomationCourseProject/45//#testresult/1da1cbfa7ead3434","status":"broken","statusDetails":"com.fasterxml.jackson.databind.exc.UnrecognizedPropertyException: Unrecognized field \"id\" (class com.example.teamcity.api.models.User), not marked as ignorable (4 known properties: \"password\", \"email\", \"roles\", \"username\"])\n at [Source: (String)\"{\"username\":\"test_wfudsiscjt\",\"id\":5,\"email\":\"test_uspRszfhqq@gmail.com\",\"href\":\"/app/rest/users/id:5\",\"properties\":{\"property\":[{\"name\":\"addTriggeredBuildToFavorites\",\"value\":\"true\"},{\"name\":\"plugin:vcs:anyVcs:anyVcsRoot\",\"value\":\"test_wFudsIScJT\"},{\"name\":\"teamcity.server.buildNumber\",\"value\":\"147412\"}],\"count\":3,\"href\":\"/app/rest/users/id:5/properties\"},\"roles\":{\"role\":[{\"roleId\":\"SYSTEM_ADMIN\",\"scope\":\"g\",\"href\":\"/app/rest/users/id:5/roles/SYSTEM_ADMIN/g\"}]},\"groups\":{\"count\":1,\"group\":[{\"ke\"[truncated 137 chars]; line: 1, column: 37] (through reference chain: com.example.teamcity.api.models.User[\"id\"])","time":{"start":1717253570845,"stop":1717253570969,"duration":124}},{"uid":"5b7267fe8f2ace4f","reportUrl":"https://knastya.github.io/AutomationCourseProject/44//#testresult/5b7267fe8f2ace4f","status":"passed","time":{"start":1717251591785,"stop":1717251599106,"duration":7321}},{"uid":"db16253f59654668","reportUrl":"https://knastya.github.io/AutomationCourseProject/43//#testresult/db16253f59654668","status":"passed","time":{"start":1717251071556,"stop":1717251080354,"duration":8798}}]},"tags":[]},"source":"2ac6a382ed6bbe48.json","parameterValues":[]}